* using log directory 'C:/Users/Xiang Zhou/Dropbox/R Packages/rbw/rbw.Rcheck'
* using R version 3.6.3 (2020-02-29)
* using platform: x86_64-w64-mingw32 (64-bit)
* using session charset: ISO8859-1
* checking for file 'rbw/DESCRIPTION' ... OK
* checking extension type ... Package
* this is package 'rbw' version '0.3.1'
* package encoding: UTF-8
* checking package namespace information ... OK
* checking package dependencies ... ERROR
Packages required but not available: 'dplyr', 'rlang'

Packages suggested but not available:
  'knitr', 'ebal', 'survey', 'rmarkdown', 'testthat'

The suggested packages are required for a complete check.
Checking can be attempted without them by setting the environment
variable _R_CHECK_FORCE_SUGGESTS_ to a false value.

See section 'The DESCRIPTION file' in the 'Writing R Extensions'
manual.
* DONE
Status: 1 ERROR
